[2022-07-26T21:06:59.071] [INFO] todos - Ingreso a /
[2022-07-26T21:07:00.462] [INFO] todos - Ingreso a /login
[2022-07-26T21:07:08.006] [INFO] todos - Ingreso a /
[2022-07-26T21:07:09.027] [INFO] todos - Ingreso a /signup
[2022-08-01T20:43:36.109] [INFO] todos - Ingreso a /signup
[2022-08-01T20:43:46.421] [INFO] todos - Ingreso a /profile
[2022-08-01T20:43:57.405] [INFO] todos - Ingreso a /login
[2022-08-01T20:43:57.416] [INFO] todos - Ingreso a /profile
[2022-08-01T20:43:59.753] [INFO] todos - Ingreso a /logout
[2022-08-01T20:44:00.893] [INFO] todos - Ingreso a /login
[2022-08-01T20:44:10.843] [INFO] todos - Ingreso a /profile
[2022-08-01T20:44:55.212] [INFO] todos - Ingreso a /profile
[2022-08-01T20:44:56.672] [INFO] todos - Ingreso a /logout
[2022-08-01T20:44:59.753] [INFO] todos - Ingreso a /info
[2022-08-01T22:21:46.552] [INFO] todos - Ingreso a /profile
[2022-08-01T22:21:46.562] [INFO] todos - Ingreso a /login
[2022-08-01T22:21:49.646] [INFO] todos - Ingreso a /
[2022-08-01T22:21:51.301] [INFO] todos - Ingreso a /login
[2022-08-01T22:21:57.602] [INFO] todos - Ingreso a /
[2022-08-01T22:21:59.221] [INFO] todos - Ingreso a /login
[2022-08-01T22:22:11.044] [INFO] todos - Ingreso a /
[2022-08-01T22:22:19.273] [INFO] todos - Ingreso a /signup
[2022-08-01T22:22:24.883] [INFO] todos - Ingreso a /profile
[2022-08-01T22:23:24.686] [INFO] todos - Ingreso a /profile
[2022-08-01T22:23:50.841] [INFO] todos - Ingreso a /profile
[2022-08-01T22:23:58.770] [INFO] todos - Ingreso a /profile
[2022-08-01T22:24:27.141] [INFO] todos - Ingreso a /profile
[2022-08-01T22:25:44.010] [INFO] todos - Ingreso a /profile
[2022-08-01T22:26:23.263] [INFO] todos - Ingreso a /profile
[2022-08-01T22:26:24.342] [INFO] todos - Ingreso a /profile
[2022-08-01T22:33:19.737] [INFO] todos - Ingreso a /profile
[2022-08-01T22:40:16.074] [INFO] todos - Ingreso a /info
[2022-08-01T22:52:02.155] [INFO] todos - Ingreso a /profile
[2022-08-01T22:52:04.029] [INFO] todos - Ingreso a /info
[2022-08-02T00:11:45.885] [INFO] todos - Ingreso a /info
[2022-08-02T00:11:51.325] [INFO] todos - Ingreso a /info
[2022-08-02T00:11:56.265] [INFO] todos - Ingreso a /info
[2022-08-02T00:12:01.200] [INFO] todos - Ingreso a /info
[2022-08-02T00:12:11.786] [INFO] todos - Ingreso a /
[2022-08-02T00:12:30.276] [INFO] todos - Ingreso a /
[2022-08-02T00:12:31.880] [INFO] todos - Ingreso a /login
[2022-08-02T00:12:34.312] [INFO] todos - Ingreso a /
[2022-08-02T00:12:36.219] [INFO] todos - Ingreso a /login
[2022-08-02T00:12:43.623] [INFO] todos - Ingreso a /profile
[2022-08-02T00:12:46.035] [INFO] todos - Ingreso a /
[2022-08-02T00:12:46.042] [INFO] todos - Ingreso a /profile
[2022-08-02T00:12:46.828] [INFO] todos - Ingreso a /
[2022-08-02T00:12:46.836] [INFO] todos - Ingreso a /profile
[2022-08-02T00:12:49.663] [INFO] todos - Ingreso a /
[2022-08-02T00:12:49.670] [INFO] todos - Ingreso a /profile
[2022-08-02T00:13:03.641] [INFO] todos - Ingreso a /info
[2022-08-02T00:21:40.658] [INFO] todos - Ingreso a /
[2022-08-02T00:21:42.576] [INFO] todos - Ingreso a /login
[2022-08-02T00:22:58.592] [INFO] todos - Ingreso a /profile
[2022-08-02T00:23:07.597] [INFO] todos - Ingreso a /info
[2022-08-02T00:23:08.392] [INFO] todos - Ingreso a /
[2022-08-02T00:23:08.399] [INFO] todos - Ingreso a /profile
[2022-08-02T00:23:12.671] [INFO] todos - Ingreso a /logout
[2022-08-02T00:23:16.602] [INFO] todos - Ingreso a /profile
[2022-08-02T00:23:16.610] [INFO] todos - Ingreso a /login
[2022-08-02T00:24:16.509] [INFO] todos - Ingreso a /
[2022-08-02T00:24:21.103] [INFO] todos - Ingreso a /
[2022-08-02T00:25:55.237] [INFO] todos - Ingreso a /login
[2022-08-02T00:25:59.793] [INFO] todos - Ingreso a /profile
[2022-08-02T00:36:22.170] [INFO] todos - Ingreso a /
[2022-08-02T00:36:22.179] [INFO] todos - Ingreso a /profile
[2022-08-06T00:35:11.393] [INFO] todos - Ingreso a /
[2022-08-06T00:35:12.836] [INFO] todos - Ingreso a /signup
[2022-08-06T00:35:20.595] [INFO] todos - Ingreso a /profile
[2022-08-06T00:37:21.820] [INFO] todos - Ingreso a /profile
[2022-08-06T00:37:21.831] [INFO] todos - Ingreso a /login
[2022-08-06T00:37:29.838] [INFO] todos - Ingreso a /signup
[2022-08-06T00:37:36.378] [INFO] todos - Ingreso a /profile
[2022-08-06T00:46:39.238] [INFO] todos - Ingreso a /profile
[2022-08-06T00:46:39.246] [INFO] todos - Ingreso a /login
[2022-08-06T00:46:42.668] [INFO] todos - Ingreso a /
[2022-08-06T00:46:43.539] [INFO] todos - Ingreso a /login
[2022-08-06T00:46:48.008] [INFO] todos - Ingreso a /profile
[2022-08-06T00:46:55.193] [INFO] todos - Ingreso a /profile
[2022-08-06T00:51:49.279] [INFO] todos - Ingreso a /profile
[2022-08-06T00:51:49.288] [INFO] todos - Ingreso a /login
[2022-08-06T00:51:55.744] [INFO] todos - Ingreso a /profile
[2022-08-06T00:51:58.507] [INFO] todos - Ingreso a /profile
[2022-08-06T00:53:10.365] [INFO] todos - Ingreso a /info
[2022-08-06T00:53:11.174] [INFO] todos - Ingreso a /logout
[2022-08-06T01:20:09.870] [INFO] todos - Ingreso a /login
[2022-08-06T01:20:14.000] [INFO] todos - Ingreso a /profile
[2022-08-06T01:34:21.142] [INFO] todos - Ingreso a /info
[2022-08-06T01:34:23.702] [INFO] todos - Ingreso a /
[2022-08-06T01:34:24.455] [INFO] todos - Ingreso a /
[2022-08-06T01:34:25.591] [INFO] todos - Ingreso a /login
[2022-08-06T01:34:30.570] [INFO] todos - Ingreso a /profile
[2022-08-06T01:46:47.847] [INFO] todos - Ingreso a /info
[2022-08-06T01:46:49.567] [INFO] todos - Ingreso a /
[2022-08-06T01:46:50.586] [INFO] todos - Ingreso a /login
[2022-08-06T01:47:01.187] [INFO] todos - Ingreso a /profile
[2022-08-06T01:47:36.168] [INFO] todos - Ingreso a /profile
[2022-08-06T22:57:38.189] [INFO] todos - Ingreso a /
[2022-08-06T22:57:39.384] [INFO] todos - Ingreso a /login
[2022-08-06T22:57:42.490] [INFO] todos - Ingreso a /
[2022-08-06T22:57:43.141] [INFO] todos - Ingreso a /signup
[2022-08-06T22:57:47.888] [INFO] todos - Ingreso a /profile
[2022-08-06T22:57:54.245] [INFO] todos - Ingreso a /logout
[2022-08-06T22:57:56.556] [INFO] todos - Ingreso a /login
[2022-08-06T22:58:03.928] [INFO] todos - Ingreso a /profile
[2022-08-06T22:58:08.193] [INFO] todos - Ingreso a /info
[2022-08-06T22:58:11.830] [INFO] todos - Ingreso a /profile
[2022-08-07T00:09:40.314] [INFO] todos - Ingreso a /
[2022-08-07T00:09:41.085] [INFO] todos - Ingreso a /login
[2022-08-07T00:09:46.092] [INFO] todos - Ingreso a /profile
[2022-09-21T00:34:33.317] [INFO] todos - Ingreso a /
[2022-09-21T00:34:36.788] [INFO] todos - Ingreso a /signup
[2022-09-21T00:34:55.344] [INFO] todos - Ingreso a /
[2022-09-21T00:34:56.735] [INFO] todos - Ingreso a /login
[2022-09-21T00:35:14.902] [INFO] todos - Ingreso a /profile
[2022-09-21T01:14:55.074] [INFO] todos - Ingreso a /login
[2022-09-21T01:15:00.652] [INFO] todos - Ingreso a /profile
[2022-09-22T09:35:35.141] [INFO] todos - Ingreso a /
[2022-09-22T09:35:38.288] [INFO] todos - Ingreso a /signup
[2022-09-22T09:36:20.164] [INFO] todos - Ingreso a /signup
[2022-09-22T09:42:22.407] [INFO] todos - Ingreso a /signup
[2022-09-22T09:44:09.228] [INFO] todos - Ingreso a /signup
[2022-09-22T09:46:17.672] [INFO] todos - Ingreso a /signup
[2022-09-22T09:47:42.760] [INFO] todos - Ingreso a /signup
[2022-09-22T09:48:16.643] [INFO] todos - Ingreso a /signup
[2022-09-22T09:49:37.672] [INFO] todos - Ingreso a /signup
[2022-09-22T09:50:20.277] [INFO] todos - Ingreso a /signup
[2022-09-22T12:14:09.091] [INFO] todos - Ingreso a /signup
[2022-09-22T12:14:15.450] [INFO] todos - Ingreso a /profile
[2022-09-25T13:15:26.661] [INFO] todos - Ingreso a /
[2022-09-25T13:15:59.633] [INFO] todos - Ingreso a /
[2022-09-25T13:18:01.620] [INFO] todos - Ingreso a /
[2022-09-25T13:20:27.513] [INFO] todos - Ingreso a /
[2022-09-25T13:21:33.108] [INFO] todos - Ingreso a /login
[2022-09-25T13:22:09.502] [INFO] todos - Ingreso a /login
[2022-09-25T13:22:44.731] [INFO] todos - Ingreso a /login
[2022-09-25T13:24:20.553] [INFO] todos - Ingreso a /login
[2022-09-25T13:24:54.253] [INFO] todos - Ingreso a /
[2022-09-25T13:27:34.483] [INFO] todos - Ingreso a /
[2022-09-25T13:27:37.824] [INFO] todos - Ingreso a /login
[2022-09-25T13:35:33.088] [INFO] todos - Ingreso a /
[2022-09-25T13:35:34.541] [INFO] todos - Ingreso a /signup
[2022-09-25T13:38:02.547] [INFO] todos - Ingreso a /info
[2022-09-25T13:38:32.466] [INFO] todos - Ingreso a /pages/info
[2022-09-25T13:38:34.521] [INFO] todos - Ingreso a /pages/info
[2022-09-25T13:39:07.173] [INFO] todos - Ingreso a /info
[2022-09-25T13:41:07.751] [INFO] todos - Ingreso a /info
[2022-09-25T13:41:11.641] [INFO] todos - Ingreso a /
[2022-09-25T13:41:13.933] [INFO] todos - Ingreso a /login
[2022-09-25T13:41:15.414] [INFO] todos - Ingreso a /
[2022-09-25T13:41:16.073] [INFO] todos - Ingreso a /signup
[2022-09-25T13:54:53.427] [INFO] todos - Ingreso a /
[2022-09-25T13:54:56.550] [INFO] todos - Ingreso a /
[2022-09-25T14:02:19.334] [INFO] todos - Ingreso a /
[2022-09-25T14:02:21.405] [INFO] todos - Ingreso a /
[2022-09-25T14:02:23.786] [INFO] todos - Ingreso a /
[2022-09-25T19:07:40.224] [INFO] todos - Ingreso a /
[2022-09-25T19:32:01.013] [INFO] todos - Ingreso a /
[2022-09-25T19:32:03.595] [INFO] todos - Ingreso a /signup
[2022-09-25T19:32:23.318] [INFO] todos - Ingreso a /
[2022-09-25T19:32:24.647] [INFO] todos - Ingreso a /signup
[2022-09-25T19:32:42.326] [INFO] todos - Ingreso a /profile
[2022-09-25T19:32:52.785] [INFO] todos - Ingreso a /
[2022-09-25T19:32:52.961] [INFO] todos - Ingreso a /profile
[2022-09-25T19:33:09.049] [INFO] todos - Ingreso a /info
[2022-09-25T19:34:19.366] [INFO] todos - Ingreso a /
[2022-09-25T19:34:28.371] [INFO] todos - Ingreso a /login
[2022-09-25T19:34:33.882] [INFO] todos - Ingreso a /profile
[2022-09-25T19:34:41.573] [INFO] todos - Ingreso a /
[2022-09-25T19:34:41.747] [INFO] todos - Ingreso a /profile
[2022-09-25T19:34:46.780] [INFO] todos - Ingreso a /info
[2022-09-25T19:40:25.330] [INFO] todos - Ingreso a /
[2022-09-25T19:40:26.253] [INFO] todos - Ingreso a /login
[2022-09-25T19:40:32.158] [INFO] todos - Ingreso a /profile
[2022-09-25T19:52:46.383] [INFO] todos - Ingreso a /info
[2022-09-25T19:52:50.190] [INFO] todos - Ingreso a /
[2022-09-25T19:52:50.363] [INFO] todos - Ingreso a /profile
[2022-09-25T19:54:42.750] [INFO] todos - Ingreso a /profile
[2022-09-25T19:55:31.342] [INFO] todos - Ingreso a /profile
[2022-09-25T19:56:05.258] [INFO] todos - Ingreso a /
[2022-09-25T19:56:05.430] [INFO] todos - Ingreso a /profile
[2022-09-25T19:56:06.791] [INFO] todos - Ingreso a /
[2022-09-25T19:56:06.961] [INFO] todos - Ingreso a /profile
[2022-09-25T19:57:11.165] [INFO] todos - Ingreso a /profile
[2022-09-25T19:57:11.176] [INFO] todos - Ingreso a /login
[2022-09-25T19:57:16.074] [INFO] todos - Ingreso a /profile
[2022-09-25T19:59:50.138] [INFO] todos - Ingreso a /profile
[2022-09-25T20:19:08.369] [INFO] todos - Ingreso a /
[2022-09-25T20:19:08.547] [INFO] todos - Ingreso a /profile
[2022-09-25T20:19:13.028] [INFO] todos - Ingreso a /
[2022-09-25T20:19:13.208] [INFO] todos - Ingreso a /profile
[2022-09-25T20:19:14.513] [INFO] todos - Ingreso a /info
[2022-09-25T20:19:17.664] [INFO] todos - Ingreso a /
[2022-09-25T20:19:17.842] [INFO] todos - Ingreso a /profile
[2022-09-25T20:19:24.256] [INFO] todos - Ingreso a /logout
[2022-09-25T20:19:27.987] [INFO] todos - Ingreso a /
[2022-09-25T20:19:32.272] [INFO] todos - Ingreso a /login
[2022-09-25T20:19:38.461] [INFO] todos - Ingreso a /profile
[2022-09-26T22:33:36.243] [INFO] todos - Ingreso a /
[2022-09-26T22:34:52.177] [INFO] todos - Ingreso a /login
[2022-09-26T22:37:18.059] [INFO] todos - Ingreso a /
[2022-09-26T22:37:24.892] [INFO] todos - Ingreso a /logout
[2022-09-26T22:42:02.381] [INFO] todos - Ingreso a /
[2022-09-26T22:42:03.676] [INFO] todos - Ingreso a /signup
[2022-09-26T22:42:06.644] [INFO] todos - Ingreso a /logout
[2022-09-26T22:42:07.938] [INFO] todos - Ingreso a /logout
[2022-09-26T22:45:27.276] [INFO] todos - Ingreso a /
[2022-09-26T22:46:40.018] [INFO] todos - Ingreso a /
[2022-09-26T22:49:20.348] [INFO] todos - Ingreso a /info
[2022-09-26T22:49:22.908] [INFO] todos - Ingreso a /logout
[2022-09-26T22:49:25.710] [INFO] todos - Ingreso a /
[2022-09-26T22:49:26.753] [INFO] todos - Ingreso a /login
[2022-09-26T22:49:40.201] [INFO] todos - Ingreso a /profile
[2022-09-27T02:12:39.113] [INFO] todos - Ingreso a /info
[2022-09-27T06:33:49.365] [INFO] todos - Ingreso a /info
